<?xml version="1.0" encoding="UTF-8"?>
<!-- Generated by org.testng.reporters.JUnitReportReporter -->
<testsuite hostname="DESKTOP-IVGJ568" failures="0" tests="3" name="saucedemo.SaucedemoApplication" time="18.630" errors="0" timestamp="2022-06-14T09:14:00 WIB" skipped="0">
  <testcase classname="saucedemo.SaucedemoApplication" name="Login" time="5.858"/>
  <system-out/>
  <testcase classname="saucedemo.SaucedemoApplication" name="FinishOrder" time="8.572"/>
  <system-out/>
  <testcase classname="saucedemo.SaucedemoApplication" name="LoginFailed" time="4.200"/>
  <system-out/>
</testsuite> <!-- saucedemo.SaucedemoApplication -->
