<?xml version="1.0" encoding="UTF-8"?>
<!-- Generated by org.testng.reporters.JUnitReportReporter -->
<testsuite hostname="DESKTOP-IVGJ568" failures="0" tests="1" name="yopmail.YopmailApplication" time="17.821" errors="0" timestamp="14 Jun 2022 05:38:01 GMT" skipped="0">
  <testcase classname="yopmail.YopmailApplication" name="OpenMail" time="17.821"/>
</testsuite> <!-- yopmail.YopmailApplication -->
