<?xml version="1.0" encoding="UTF-8"?>
<!-- Generated by org.testng.reporters.JUnitReportReporter -->
<testsuite hostname="DESKTOP-IVGJ568" failures="0" tests="3" name="api.RegisterAPI" time="9.808" errors="0" timestamp="14 Jun 2022 05:39:44 GMT" skipped="0">
  <testcase classname="api.RegisterAPI" name="regisAPISuccess" time="2.628"/>
  <testcase classname="api.RegisterAPI" name="regisAPIFailedSameUsername" time="2.060"/>
  <testcase classname="api.RegisterAPI" name="regisAPIFailedSameEmail" time="5.120"/>
</testsuite> <!-- api.RegisterAPI -->
