<?xml version="1.0" encoding="UTF-8"?>
<!-- Generated by org.testng.reporters.JUnitReportReporter -->
<testsuite hostname="DESKTOP-IVGJ568" failures="0" tests="3" name="saucedemo.SaucedemoApplication" time="21.223" errors="0" timestamp="14 Jun 2022 04:20:14 GMT" skipped="0">
  <testcase classname="saucedemo.SaucedemoApplication" name="LoginFailed" time="4.616"/>
  <testcase classname="saucedemo.SaucedemoApplication" name="FinishOrder" time="8.143"/>
  <testcase classname="saucedemo.SaucedemoApplication" name="Login" time="8.464"/>
</testsuite> <!-- saucedemo.SaucedemoApplication -->
